\BOOKMARK [0][-]{chapter*.3}{Lista de Figuras}{}% 1
\BOOKMARK [0][-]{chapter*.4}{Lista de Tabelas}{}% 2
\BOOKMARK [0][-]{chapter.1}{Introdu\347\343o}{}% 3
\BOOKMARK [0][-]{chapter.2}{TITULO 1}{}% 4
\BOOKMARK [0][-]{chapter.3}{Mathematics and Science}{}% 5
\BOOKMARK [1][-]{section.3.1}{Math}{chapter.3}% 6
\BOOKMARK [1][-]{section.3.2}{Chemistry 101: Symbols}{chapter.3}% 7
\BOOKMARK [2][-]{subsection.3.2.1}{Typesetting reactions}{section.3.2}% 8
\BOOKMARK [2][-]{subsection.3.2.2}{Other examples of reactions}{section.3.2}% 9
\BOOKMARK [1][-]{section.3.3}{Physics}{chapter.3}% 10
\BOOKMARK [1][-]{section.3.4}{Biology}{chapter.3}% 11
\BOOKMARK [0][-]{chapter.4}{Tables, Graphics, References, and Labels}{}% 12
\BOOKMARK [1][-]{section.4.1}{Tables}{chapter.4}% 13
\BOOKMARK [1][-]{section.4.2}{Figures}{chapter.4}% 14
\BOOKMARK [1][-]{section.4.3}{Footnotes and Endnotes}{chapter.4}% 15
\BOOKMARK [1][-]{section.4.4}{Bibliographies}{chapter.4}% 16
\BOOKMARK [1][-]{section.4.5}{Anything else?}{chapter.4}% 17
\BOOKMARK [0][-]{chapter*.5}{Conclusion}{}% 18
\BOOKMARK [0][-]{appendix.A}{The First Appendix}{}% 19
\BOOKMARK [0][-]{appendix.B}{The Second Appendix, for Fun}{}% 20
\BOOKMARK [0][-]{appendix*.6}{Refer\352ncias Bibliogr\341ficas}{}% 21
